2026-06-07 16:49:40,356 - INFO - Tworzenie połączenia SQLAlchemy z Supabase za pomocą FITFORM_DB_URL
2026-06-07 16:49:41,641 - INFO - Pobrano 919 rekordów.
2026-06-07 16:49:41,973 - INFO - --- WYNIKI XGBOOST ---
2026-06-07 16:49:41,973 - INFO - Błędy RMSE w poszczególnych próbach (kg): [0.06313948 0.06922006 0.22142985 0.19740289]
2026-06-07 16:49:41,973 - INFO - Średni błąd modelu (RMSE): 0.1378 kg
2026-06-07 16:49:41,973 - INFO - Procentowy błąd predykcji względem wagi: 0.17%
2026-06-07 16:49:43,463 - INFO - --- WYNIKI LIGHTGBM ---
2026-06-07 16:49:43,464 - INFO - Błędy RMSE w poszczególnych próbach (kg): [0.067163   0.07501894 0.20397966 0.19680669]
2026-06-07 16:49:43,464 - INFO - Średni błąd modelu (RMSE): 0.1357 kg
2026-06-07 16:49:43,465 - INFO - Procentowy błąd predykcji względem wagi: 0.17%
2026-06-07 16:49:44,378 - INFO - --- WYNIKI CATBOOST ---
2026-06-07 16:49:44,379 - INFO - Błędy RMSE w poszczególnych próbach (kg): [0.06527769 0.06738853 0.21601025 0.19933805]
2026-06-07 16:49:44,379 - INFO - Średni błąd modelu (RMSE): 0.1370 kg
2026-06-07 16:49:44,379 - INFO - Procentowy błąd predykcji względem wagi: 0.17%
2026-06-07 16:49:45,021 - INFO - --- WYNIKI RANDOMFOREST ---
2026-06-07 16:49:45,021 - INFO - Błędy RMSE w poszczególnych próbach (kg): [0.06601275 0.06749343 0.35196127 0.19694992]
2026-06-07 16:49:45,021 - INFO - Średni błąd modelu (RMSE): 0.1706 kg
2026-06-07 16:49:45,021 - INFO - Procentowy błąd predykcji względem wagi: 0.21%
2026-06-07 16:49:45,044 - INFO - --- WYNIKI REGRESJI LINIOWEJ ---
2026-06-07 16:49:45,044 - INFO - Błędy RMSE (kg): [0.06702688 0.07066411 0.21347714 0.21106796]
2026-06-07 16:49:45,044 - INFO - Średni błąd (RMSE): 0.1406 kg
2026-06-07 16:49:45,044 - INFO - Procentowy błąd: 0.17%
2026-06-07 16:49:45,066 - INFO - --- WYNIKI ELASTIC NET ---
2026-06-07 16:49:45,066 - INFO - Błędy RMSE (kg): [0.10082771 0.09842018 0.20328938 0.20756943]
2026-06-07 16:49:45,066 - INFO - Średni błąd (RMSE): 0.1525 kg
2026-06-07 16:49:45,066 - INFO - Procentowy błąd: 0.19%
2026-06-07 16:49:45,088 - INFO - --- WYNIKI RIDGE REGRESSION ---
2026-06-07 16:49:45,088 - INFO - Błędy RMSE (kg): [0.06702204 0.07063094 0.21345875 0.21104842]
2026-06-07 16:49:45,089 - INFO - Średni błąd (RMSE): 0.1405 kg
2026-06-07 16:49:45,089 - INFO - Procentowy błąd: 0.17%
2026-06-07 16:49:45,146 - INFO - --- WYNIKI SVM ---
2026-06-07 16:49:45,146 - INFO - Błędy RMSE (kg): [0.0660067  0.06972022 0.24317012 0.23388643]
2026-06-07 16:49:45,147 - INFO - Średni błąd (RMSE): 0.1532 kg
2026-06-07 16:49:45,147 - INFO - Procentowy błąd: 0.19%
2026-06-07 16:49:45,175 - INFO - --- WYNIKI KNN ---
2026-06-07 16:49:45,175 - INFO - Błędy RMSE (kg): [0.07137018 0.06822407 0.23161486 0.2334941 ]
2026-06-07 16:49:45,175 - INFO - Średni błąd (RMSE): 0.1512 kg
2026-06-07 16:49:45,176 - INFO - Procentowy błąd: 0.19%
2026-06-07 16:49:45,194 - INFO - --- WYNIKI DECISION TREE ---
2026-06-07 16:49:45,194 - INFO - Błędy RMSE (kg): [0.06433545 0.0659788  0.27275557 0.19652823]
2026-06-07 16:49:45,194 - INFO - Średni błąd (RMSE): 0.1499 kg
2026-06-07 16:49:45,194 - INFO - Procentowy błąd: 0.19%
2026-06-07 16:49:45,194 - INFO - Trenowanie modeli końcowych...
2026-06-07 16:49:45,593 - INFO - Modele zostały pomyślnie wytrenowane.
2026-06-07 16:49:47,100 - INFO - ------ PORÓWNANIE KOŃCOWE ------
2026-06-07 16:49:47,100 - INFO - Waga startowa: 85.00 kg
2026-06-07 16:49:47,100 - INFO - XGBOOST po 30 dniach: 82.85 kg | Różnica: -2.15 kg
2026-06-07 16:49:47,100 - INFO - LIGHTGBM po 30 dniach: 83.05 kg | Różnica: -1.95 kg
2026-06-07 16:49:47,100 - INFO - CATBOOST po 30 dniach: 84.19 kg | Różnica: -0.81 kg
2026-06-07 16:49:47,100 - INFO - RANDOMFOREST po 30 dniach: 83.47 kg | Różnica: -1.53 kg
2026-06-07 16:49:47,100 - INFO - LINEAR REGRESSION po 30 dniach: 83.65 kg | Różnica: -1.35 kg
2026-06-07 16:49:47,100 - INFO - ELASTIC NET po 30 dniach: 84.53 kg | Różnica: -0.47 kg
2026-06-07 16:49:47,100 - INFO - RIDGE REGRESSION po 30 dniach: 83.65 kg | Różnica: -1.35 kg
2026-06-07 16:49:47,100 - INFO - SVM po 30 dniach: 84.30 kg | Różnica: -0.70 kg
2026-06-07 16:49:47,100 - INFO - KNN po 30 dniach: 84.37 kg | Różnica: -0.63 kg
2026-06-07 16:49:47,100 - INFO - DECISION TREE po 30 dniach: 82.61 kg | Różnica: -2.39 kg
2026-06-07 16:53:19,465 - INFO - Tworzenie połączenia SQLAlchemy z Supabase za pomocą FITFORM_DB_URL
2026-06-07 16:53:21,002 - INFO - Pobrano 919 rekordów.
2026-06-07 16:53:21,007 - INFO - Trenowanie modeli końcowych...
2026-06-07 16:53:22,973 - INFO - Modele zostały pomyślnie wytrenowane.
2026-06-07 16:53:24,349 - INFO - ------ PORÓWNANIE KOŃCOWE ------
2026-06-07 16:53:24,349 - INFO - Waga startowa: 85.00 kg
2026-06-07 16:53:24,349 - INFO - XGBOOST po 30 dniach: 82.85 kg | Różnica: -2.15 kg
2026-06-07 16:53:24,349 - INFO - LIGHTGBM po 30 dniach: 83.05 kg | Różnica: -1.95 kg
2026-06-07 16:53:24,349 - INFO - CATBOOST po 30 dniach: 84.19 kg | Różnica: -0.81 kg
2026-06-07 16:53:24,349 - INFO - RANDOMFOREST po 30 dniach: 83.47 kg | Różnica: -1.53 kg
2026-06-07 16:53:24,349 - INFO - LINEAR REGRESSION po 30 dniach: 83.65 kg | Różnica: -1.35 kg
2026-06-07 16:53:24,349 - INFO - ELASTIC NET po 30 dniach: 84.53 kg | Różnica: -0.47 kg
2026-06-07 16:53:24,349 - INFO - RIDGE REGRESSION po 30 dniach: 83.65 kg | Różnica: -1.35 kg
2026-06-07 16:53:24,349 - INFO - SVM po 30 dniach: 84.30 kg | Różnica: -0.70 kg
2026-06-07 16:53:24,349 - INFO - KNN po 30 dniach: 84.37 kg | Różnica: -0.63 kg
2026-06-07 16:53:24,350 - INFO - DECISION TREE po 30 dniach: 82.61 kg | Różnica: -2.39 kg
2026-06-07 16:53:24,350 - INFO - Generowanie wykresu dopasowania dla wszystkich 10 modeli...
2026-06-07 16:53:24,965 - INFO - Zapisanie wykresu w: static/wykres.png
2026-06-07 16:53:24,965 - INFO - Generowanie tabeli...
2026-06-07 16:53:27,869 - INFO - 
==============================================================================================================
Tabela porównawcza
==============================================================================================================
2026-06-07 16:53:27,876 - INFO - 
            Model  RMSE mean CV [kg]  RMSE std CV [kg]  RMSE pct of range CV [kg]  MAE mean CV [kg]  MAE std CV [kg]  R2 mean CV [kg]  R2 std CV [kg]  Test RMSE [kg]  Test MAE [kg]  Test R2 [kg]
 Ridge Regression             0.1405            0.0717                     0.1464            0.0609           0.0113           0.2084          0.2965          0.0656         0.0565       -0.2158
Linear Regression             0.1406            0.0717                     0.1465            0.0609           0.0113           0.2082          0.2965          0.0657         0.0566       -0.2166
         CatBoost             0.1370            0.0709                     0.1507            0.0611           0.0089           0.2476          0.3018          0.0544         0.0465        0.1647
          XGBoost             0.1378            0.0722                     0.1583            0.0639           0.0097           0.2378          0.3215          0.0608         0.0530       -0.0425
         LightGBM             0.1357            0.0648                     0.1368            0.0648           0.0073           0.2494          0.2272          0.0655         0.0558       -0.2111
        SVM (RBF)             0.1532            0.0854                     0.1772            0.0651           0.0115           0.0718          0.4498          0.0654         0.0565       -0.2062
              KNN             0.1512            0.0814                     0.1653            0.0673           0.0133           0.0932          0.3964          0.0000         0.0000        1.0000
      Elastic Net             0.1525            0.0529                     0.1091            0.0755           0.0188          -0.0286          0.0166          0.0666         0.0545       -0.2509
    Decision Tree             0.1499            0.0889                     0.2084            0.0978           0.0630           0.0904          0.5709          0.0638         0.0550       -0.1499
    Random Forest             0.1706            0.1174                     0.2859            0.1205           0.1024          -0.2282          1.0785          0.0419         0.0360        0.5050
2026-06-07 16:53:27,881 - INFO - Zapisano tabelę w: static/tabela_porownawcza.csv
2026-06-07 16:54:42,017 - INFO - Tworzenie połączenia SQLAlchemy z Supabase za pomocą FITFORM_DB_URL
2026-06-07 16:54:43,458 - INFO - Pobrano 919 rekordów.
2026-06-07 16:54:43,462 - INFO - Trenowanie modeli końcowych...
2026-06-07 16:54:45,452 - INFO - Modele zostały pomyślnie wytrenowane.
2026-06-07 16:54:46,830 - INFO - ------ PORÓWNANIE KOŃCOWE ------
2026-06-07 16:54:46,830 - INFO - Waga startowa: 85.00 kg
2026-06-07 16:54:46,830 - INFO - XGBOOST po 30 dniach: 82.85 kg | Różnica: -2.15 kg
2026-06-07 16:54:46,830 - INFO - LIGHTGBM po 30 dniach: 83.05 kg | Różnica: -1.95 kg
2026-06-07 16:54:46,830 - INFO - CATBOOST po 30 dniach: 84.19 kg | Różnica: -0.81 kg
2026-06-07 16:54:46,831 - INFO - RANDOMFOREST po 30 dniach: 83.47 kg | Różnica: -1.53 kg
2026-06-07 16:54:46,831 - INFO - LINEAR REGRESSION po 30 dniach: 83.65 kg | Różnica: -1.35 kg
2026-06-07 16:54:46,831 - INFO - ELASTIC NET po 30 dniach: 84.53 kg | Różnica: -0.47 kg
2026-06-07 16:54:46,831 - INFO - RIDGE REGRESSION po 30 dniach: 83.65 kg | Różnica: -1.35 kg
2026-06-07 16:54:46,831 - INFO - SVM po 30 dniach: 84.30 kg | Różnica: -0.70 kg
2026-06-07 16:54:46,831 - INFO - KNN po 30 dniach: 84.37 kg | Różnica: -0.63 kg
2026-06-07 16:54:46,831 - INFO - DECISION TREE po 30 dniach: 82.61 kg | Różnica: -2.39 kg
2026-06-07 16:54:46,831 - INFO - Generowanie wykresu dopasowania dla wszystkich 10 modeli...
2026-06-07 16:54:47,291 - INFO - Zapisanie wykresu w: static/wykres.png
2026-06-07 16:54:47,291 - INFO - Generowanie tabeli...
2026-06-07 16:54:49,284 - INFO - 
==============================================================================================================
Tabela porównawcza
==============================================================================================================
2026-06-07 16:54:49,288 - INFO - 
            Model  RMSE mean CV [kg]  RMSE std CV [kg]  RMSE pct of range CV [kg]  MAE mean CV [kg]  MAE std CV [kg]  R2 mean CV [kg]  R2 std CV [kg]  Test RMSE [kg]  Test MAE [kg]  Test R2 [kg]
 Ridge Regression             0.1405            0.0717                     0.1464            0.0609           0.0113           0.2084          0.2965          0.0656         0.0565       -0.2158
Linear Regression             0.1406            0.0717                     0.1465            0.0609           0.0113           0.2082          0.2965          0.0657         0.0566       -0.2166
         CatBoost             0.1370            0.0709                     0.1507            0.0611           0.0089           0.2476          0.3018          0.0544         0.0465        0.1647
          XGBoost             0.1378            0.0722                     0.1583            0.0639           0.0097           0.2378          0.3215          0.0608         0.0530       -0.0425
         LightGBM             0.1357            0.0648                     0.1368            0.0648           0.0073           0.2494          0.2272          0.0655         0.0558       -0.2111
        SVM (RBF)             0.1532            0.0854                     0.1772            0.0651           0.0115           0.0718          0.4498          0.0654         0.0565       -0.2062
              KNN             0.1512            0.0814                     0.1653            0.0673           0.0133           0.0932          0.3964          0.0000         0.0000        1.0000
      Elastic Net             0.1525            0.0529                     0.1091            0.0755           0.0188          -0.0286          0.0166          0.0666         0.0545       -0.2509
    Decision Tree             0.1499            0.0889                     0.2084            0.0978           0.0630           0.0904          0.5709          0.0638         0.0550       -0.1499
    Random Forest             0.1706            0.1174                     0.2859            0.1205           0.1024          -0.2282          1.0785          0.0419         0.0360        0.5050
2026-06-07 16:54:49,291 - INFO - Zapisano tabelę w: static/tabela_porownawcza.csv
2026-06-07 16:54:49,721 - INFO - Rozpoczęcie analizy PFI i SHAP dla modelu LightGBM...
2026-06-07 16:54:49,721 - INFO - Obliczanie PFI...
2026-06-07 16:54:54,803 - INFO - Zapisano wykres PFI w: static/pfi_lightgbm.png
2026-06-07 16:54:54,803 - INFO - Obliczanie wartości SHAP...
2026-06-07 16:54:55,206 - INFO - Zapisano globalny wykres SHAP Summary w: static/shap_summary.png
2026-06-07 16:54:55,617 - INFO - Zapisano lokalny wykres SHAP Waterfall w: static/shap_waterfall.png
2026-06-07 16:54:55,617 - INFO - Wszystkie analizy XAI zostały pomyślnie wygenerowane i zapisane w folderze static
