2026-06-07 14:12:38,398 - INFO - Tworzenie połączenia SQLAlchemy z Supabase za pomocą FITFORM_DB_URL
2026-06-07 14:12:38,403 - ERROR - Błąd połączenia: Nie znaleziono zmiennej FITFORM_DB_URL w pliku .env!
2026-06-07 14:12:43,695 - INFO - Tworzenie połączenia SQLAlchemy z Supabase za pomocą FITFORM_DB_URL
2026-06-07 14:12:43,696 - ERROR - Błąd połączenia: Nie znaleziono zmiennej FITFORM_DB_URL w pliku .env!
2026-06-07 14:12:48,700 - INFO - Tworzenie połączenia SQLAlchemy z Supabase za pomocą FITFORM_DB_URL
2026-06-07 14:12:48,701 - ERROR - Błąd połączenia: Nie znaleziono zmiennej FITFORM_DB_URL w pliku .env!
2026-06-07 14:25:41,985 - INFO - Tworzenie połączenia SQLAlchemy z Supabase za pomocą FITFORM_DB_URL
2026-06-07 14:25:41,986 - ERROR - Błąd połączenia: Nie znaleziono zmiennej FITFORM_DB_URL w pliku .env!
2026-06-07 14:26:11,187 - INFO - Tworzenie połączenia SQLAlchemy z Supabase za pomocą FITFORM_DB_URL
2026-06-07 14:26:11,425 - ERROR - Błąd połączenia: No module named 'psycopg2'
2026-06-07 14:28:32,862 - INFO - Tworzenie połączenia SQLAlchemy z Supabase za pomocą FITFORM_DB_URL
2026-06-07 14:28:32,929 - ERROR - Błąd połączenia: No module named 'psycopg2'
2026-06-07 14:30:37,685 - INFO - Tworzenie połączenia SQLAlchemy z Supabase za pomocą FITFORM_DB_URL
2026-06-07 14:30:37,949 - ERROR - Błąd połączenia: (psycopg2.OperationalError) could not translate host name "db.ryolatpsrxuvapuaytrd.supabase.co" to address: Name or service not known

(Background on this error at: https://sqlalche.me/e/20/e3q8)
2026-06-07 14:31:15,693 - INFO - Tworzenie połączenia SQLAlchemy z Supabase za pomocą FITFORM_DB_URL
2026-06-07 14:31:15,827 - ERROR - Błąd połączenia: (psycopg2.OperationalError) could not translate host name "db.ryolatpsrxuvapuaytrd.supabase.co" to address: Name or service not known

(Background on this error at: https://sqlalche.me/e/20/e3q8)
2026-06-07 14:36:49,715 - INFO - Tworzenie połączenia SQLAlchemy z Supabase za pomocą FITFORM_DB_URL
2026-06-07 14:36:49,870 - ERROR - Błąd połączenia: (psycopg2.OperationalError) could not translate host name "db.ryolatpsrxuvapuaytrd.supabase.co" to address: Name or service not known

(Background on this error at: https://sqlalche.me/e/20/e3q8)
2026-06-07 14:39:30,468 - INFO - Tworzenie połączenia SQLAlchemy z Supabase za pomocą FITFORM_DB_URL
2026-06-07 14:39:30,507 - ERROR - Błąd połączenia: [Errno 11001] getaddrinfo failed
2026-06-07 14:41:21,420 - INFO - Tworzenie połączenia SQLAlchemy z Supabase za pomocą FITFORM_DB_URL
2026-06-07 14:41:21,470 - ERROR - Błąd połączenia: [Errno 11001] getaddrinfo failed
2026-06-07 14:42:14,011 - INFO - Tworzenie połączenia SQLAlchemy z Supabase za pomocą FITFORM_DB_URL
2026-06-07 14:42:14,012 - ERROR - Błąd połączenia: gethostbyname() takes exactly 1 argument (2 given)
2026-06-07 14:42:24,536 - INFO - Tworzenie połączenia SQLAlchemy z Supabase za pomocą FITFORM_DB_URL
2026-06-07 14:42:24,537 - ERROR - Błąd połączenia: gethostbyname() takes exactly 1 argument (2 given)
2026-06-07 14:42:45,663 - INFO - Tworzenie połączenia SQLAlchemy z Supabase za pomocą FITFORM_DB_URL
2026-06-07 14:42:45,740 - ERROR - Błąd połączenia: [Errno 11001] getaddrinfo failed
2026-06-07 14:45:13,332 - INFO - Tworzenie połączenia SQLAlchemy z Supabase za pomocą FITFORM_DB_URL
2026-06-07 14:45:13,386 - ERROR - Błąd połączenia: [Errno 11004] getaddrinfo failed
2026-06-07 14:50:37,910 - INFO - Tworzenie połączenia SQLAlchemy z Supabase za pomocą FITFORM_DB_URL
2026-06-07 14:50:38,353 - ERROR - Błąd połączenia: (psycopg2.OperationalError) could not translate host name "db.ryolatpsrxuvapuaytrd.supabase.co" to address: Name or service not known


(Background on this error at: https://sqlalche.me/e/20/e3q8)
2026-06-07 15:08:14,425 - INFO - Tworzenie połączenia SQLAlchemy z Supabase za pomocą FITFORM_DB_URL
2026-06-07 15:08:15,674 - ERROR - Błąd połączenia: (psycopg2.OperationalError) could not translate host name "db.ryolatpsrxuvapuaytrd.supabase.co" to address: Name or service not known

(Background on this error at: https://sqlalche.me/e/20/e3q8)
2026-07-10 00:32:54,540 - INFO - Łączenie z lokalną bazą MySQL...
2026-07-10 00:32:55,071 - INFO - Pobrano 8085 rekordów z lokalnej bazy MySQL.
2026-07-10 00:32:55,219 - INFO - Feature engineering zakończony — dodano cechy pochodne.
2026-07-10 00:32:55,260 - INFO - Usunięto 757 outlierów z targetu (percentyle 5-95%). Pozostało 7223 rekordów.
2026-07-10 00:32:55,272 - INFO - Użytkownicy w zbiorze TRENINGOWYM (~80%): [25, 26, 27, 28, 29, 30, 31, 32, 33, 34, 35, 36, 37, 38, 39, 40, 41, 42, 43, 44, 45, 46, 47, 48, 49, 50, 51, 52, 53, 54, 55, 56, 57, 58, 59, 60, 61, 62, 63, 64, 65, 66, 67, 68, 69, 70, 71, 72, 73, 74, 75, 76, 77, 78, 79, 80, 81, 82, 83, 84, 85, 86, 87, 88, 89, 90, 91, 92, 93, 94, 95, 96, 97, 98, 99, 100, 101, 102, 103, 104, 105]
2026-07-10 00:32:55,273 - INFO - Użytkownicy w zbiorze TESTOWYM (~20%): [4, 6, 7, 8, 9, 10, 11, 12, 13, 14, 15, 16, 17, 18, 19, 20, 21, 22, 23, 24]
2026-07-10 00:32:55,294 - INFO - Cechy modelu (23): ['zjedzone_kcal', 'bialko_g', 'spalone_kcal', 'cardio_min', 'trening_silowy', 'kroki', 'name', 'plec', 'bilans_kcal', 'bilans_pct', 'kcal_na_kg', 'bialko_na_kg', 'spalone_z_silowym', 'cardio_i_silowy', 'aktywnosc_total', 'dzien_tygodnia', 'weekend', 'zjedzone_kcal_ma3', 'zjedzone_kcal_ma7', 'spalone_kcal_ma3', 'spalone_kcal_ma7', 'bilans_kcal_ma3', 'bilans_kcal_ma7']
2026-07-10 00:32:55,295 - INFO - Rozmiar zbioru treningowego: 5743 | testowego: 1383
2026-07-10 00:32:55,296 - INFO - Trenowanie modeli końcowych...
2026-07-10 00:34:56,668 - INFO - Łączenie z lokalną bazą MySQL...
2026-07-10 00:34:57,002 - INFO - Pobrano 8085 rekordów z lokalnej bazy MySQL.
2026-07-10 00:34:57,123 - INFO - Feature engineering zakończony — dodano cechy pochodne.
2026-07-10 00:34:57,145 - INFO - Usunięto 757 outlierów z targetu (percentyle 5-95%). Pozostało 7223 rekordów.
2026-07-10 00:34:57,154 - INFO - Użytkownicy w zbiorze TRENINGOWYM (~80%): [25, 26, 27, 28, 29, 30, 31, 32, 33, 34, 35, 36, 37, 38, 39, 40, 41, 42, 43, 44, 45, 46, 47, 48, 49, 50, 51, 52, 53, 54, 55, 56, 57, 58, 59, 60, 61, 62, 63, 64, 65, 66, 67, 68, 69, 70, 71, 72, 73, 74, 75, 76, 77, 78, 79, 80, 81, 82, 83, 84, 85, 86, 87, 88, 89, 90, 91, 92, 93, 94, 95, 96, 97, 98, 99, 100, 101, 102, 103, 104, 105]
2026-07-10 00:34:57,155 - INFO - Użytkownicy w zbiorze TESTOWYM (~20%): [4, 6, 7, 8, 9, 10, 11, 12, 13, 14, 15, 16, 17, 18, 19, 20, 21, 22, 23, 24]
2026-07-10 00:34:57,168 - INFO - Cechy modelu (22): ['zjedzone_kcal', 'bialko_g', 'spalone_kcal', 'cardio_min', 'trening_silowy', 'kroki', 'plec', 'bilans_kcal', 'bilans_pct', 'kcal_na_kg', 'bialko_na_kg', 'spalone_z_silowym', 'cardio_i_silowy', 'aktywnosc_total', 'dzien_tygodnia', 'weekend', 'zjedzone_kcal_ma3', 'zjedzone_kcal_ma7', 'spalone_kcal_ma3', 'spalone_kcal_ma7', 'bilans_kcal_ma3', 'bilans_kcal_ma7']
2026-07-10 00:34:57,168 - INFO - Rozmiar zbioru treningowego: 5743 | testowego: 1383
2026-07-10 00:34:57,169 - INFO - Trenowanie modeli końcowych...
2026-07-10 00:37:12,451 - INFO - Łączenie z lokalną bazą MySQL...
2026-07-10 00:37:12,773 - INFO - Pobrano 8085 rekordów z lokalnej bazy MySQL.
2026-07-10 00:37:12,911 - INFO - Feature engineering zakończony — dodano cechy pochodne.
2026-07-10 00:37:12,939 - INFO - Usunięto 757 outlierów z targetu (percentyle 5-95%). Pozostało 7223 rekordów.
2026-07-10 00:37:12,945 - INFO - Użytkownicy w zbiorze TRENINGOWYM (~80%): [25, 26, 27, 28, 29, 30, 31, 32, 33, 34, 35, 36, 37, 38, 39, 40, 41, 42, 43, 44, 45, 46, 47, 48, 49, 50, 51, 52, 53, 54, 55, 56, 57, 58, 59, 60, 61, 62, 63, 64, 65, 66, 67, 68, 69, 70, 71, 72, 73, 74, 75, 76, 77, 78, 79, 80, 81, 82, 83, 84, 85, 86, 87, 88, 89, 90, 91, 92, 93, 94, 95, 96, 97, 98, 99, 100, 101, 102, 103, 104, 105]
2026-07-10 00:37:12,946 - INFO - Użytkownicy w zbiorze TESTOWYM (~20%): [4, 6, 7, 8, 9, 10, 11, 12, 13, 14, 15, 16, 17, 18, 19, 20, 21, 22, 23, 24]
2026-07-10 00:37:12,956 - INFO - Cechy modelu (22): ['zjedzone_kcal', 'bialko_g', 'spalone_kcal', 'cardio_min', 'trening_silowy', 'kroki', 'plec', 'bilans_kcal', 'bilans_pct', 'kcal_na_kg', 'bialko_na_kg', 'spalone_z_silowym', 'cardio_i_silowy', 'aktywnosc_total', 'dzien_tygodnia', 'weekend', 'zjedzone_kcal_ma3', 'zjedzone_kcal_ma7', 'spalone_kcal_ma3', 'spalone_kcal_ma7', 'bilans_kcal_ma3', 'bilans_kcal_ma7']
2026-07-10 00:37:12,956 - INFO - Rozmiar zbioru treningowego: 5743 | testowego: 1383
2026-07-10 00:37:12,957 - INFO - Trenowanie modeli końcowych...
2026-07-10 00:37:19,561 - INFO - Ensemble (XGB+LGB+CatBoost) wytrenowany.
2026-07-10 00:41:13,306 - INFO - Łączenie z lokalną bazą MySQL...
2026-07-10 00:41:13,658 - INFO - Pobrano 8085 rekordów z lokalnej bazy MySQL.
2026-07-10 00:41:13,797 - INFO - Feature engineering zakończony — dodano cechy pochodne.
2026-07-10 00:41:13,833 - INFO - Usunięto 757 outlierów z targetu (percentyle 5-95%). Pozostało 7223 rekordów.
2026-07-10 00:41:13,844 - INFO - Użytkownicy w zbiorze TRENINGOWYM (~80%): [25, 26, 27, 28, 29, 30, 31, 32, 33, 34, 35, 36, 37, 38, 39, 40, 41, 42, 43, 44, 45, 46, 47, 48, 49, 50, 51, 52, 53, 54, 55, 56, 57, 58, 59, 60, 61, 62, 63, 64, 65, 66, 67, 68, 69, 70, 71, 72, 73, 74, 75, 76, 77, 78, 79, 80, 81, 82, 83, 84, 85, 86, 87, 88, 89, 90, 91, 92, 93, 94, 95, 96, 97, 98, 99, 100, 101, 102, 103, 104, 105]
2026-07-10 00:41:13,845 - INFO - Użytkownicy w zbiorze TESTOWYM (~20%): [4, 6, 7, 8, 9, 10, 11, 12, 13, 14, 15, 16, 17, 18, 19, 20, 21, 22, 23, 24]
2026-07-10 00:41:13,859 - INFO - Cechy modelu (22): ['zjedzone_kcal', 'bialko_g', 'spalone_kcal', 'cardio_min', 'trening_silowy', 'kroki', 'plec', 'bilans_kcal', 'bilans_pct', 'kcal_na_kg', 'bialko_na_kg', 'spalone_z_silowym', 'cardio_i_silowy', 'aktywnosc_total', 'dzien_tygodnia', 'weekend', 'zjedzone_kcal_ma3', 'zjedzone_kcal_ma7', 'spalone_kcal_ma3', 'spalone_kcal_ma7', 'bilans_kcal_ma3', 'bilans_kcal_ma7']
2026-07-10 00:41:13,860 - INFO - Rozmiar zbioru treningowego: 5743 | testowego: 1383
2026-07-10 00:41:13,860 - INFO - Trenowanie modeli końcowych...
2026-07-10 00:41:21,084 - INFO - Ensemble (XGB+LGB+CatBoost) wytrenowany.
2026-07-10 00:41:32,596 - INFO - Łączenie z lokalną bazą MySQL...
2026-07-10 00:41:32,923 - INFO - Pobrano 8085 rekordów z lokalnej bazy MySQL.
2026-07-10 00:41:33,041 - INFO - Feature engineering zakończony — dodano cechy pochodne.
2026-07-10 00:41:33,062 - INFO - Usunięto 757 outlierów z targetu (percentyle 5-95%). Pozostało 7223 rekordów.
2026-07-10 00:41:33,069 - INFO - Użytkownicy w zbiorze TRENINGOWYM (~80%): [25, 26, 27, 28, 29, 30, 31, 32, 33, 34, 35, 36, 37, 38, 39, 40, 41, 42, 43, 44, 45, 46, 47, 48, 49, 50, 51, 52, 53, 54, 55, 56, 57, 58, 59, 60, 61, 62, 63, 64, 65, 66, 67, 68, 69, 70, 71, 72, 73, 74, 75, 76, 77, 78, 79, 80, 81, 82, 83, 84, 85, 86, 87, 88, 89, 90, 91, 92, 93, 94, 95, 96, 97, 98, 99, 100, 101, 102, 103, 104, 105]
2026-07-10 00:41:33,069 - INFO - Użytkownicy w zbiorze TESTOWYM (~20%): [4, 6, 7, 8, 9, 10, 11, 12, 13, 14, 15, 16, 17, 18, 19, 20, 21, 22, 23, 24]
2026-07-10 00:41:33,081 - INFO - Cechy modelu (22): ['zjedzone_kcal', 'bialko_g', 'spalone_kcal', 'cardio_min', 'trening_silowy', 'kroki', 'plec', 'bilans_kcal', 'bilans_pct', 'kcal_na_kg', 'bialko_na_kg', 'spalone_z_silowym', 'cardio_i_silowy', 'aktywnosc_total', 'dzien_tygodnia', 'weekend', 'zjedzone_kcal_ma3', 'zjedzone_kcal_ma7', 'spalone_kcal_ma3', 'spalone_kcal_ma7', 'bilans_kcal_ma3', 'bilans_kcal_ma7']
2026-07-10 00:41:33,081 - INFO - Rozmiar zbioru treningowego: 5743 | testowego: 1383
2026-07-10 00:41:33,082 - INFO - Trenowanie modeli końcowych...
2026-07-10 00:41:39,134 - INFO - Ensemble (XGB+LGB+CatBoost) wytrenowany.
2026-07-10 00:41:43,058 - INFO - ------ PORÓWNANIE KOŃCOWE ------
2026-07-10 00:41:43,059 - INFO - Waga startowa: 85.00 kg
2026-07-10 00:41:43,060 - INFO - XGBOOST po 30 dniach: 83.18 kg | Różnica: -1.82 kg
2026-07-10 00:41:43,060 - INFO - LIGHTGBM po 30 dniach: 83.13 kg | Różnica: -1.87 kg
2026-07-10 00:41:43,060 - INFO - CATBOOST po 30 dniach: 83.04 kg | Różnica: -1.96 kg
2026-07-10 00:41:43,061 - INFO - RANDOMFOREST po 30 dniach: 83.10 kg | Różnica: -1.90 kg
2026-07-10 00:41:43,061 - INFO - LINEAR REGRESSION po 30 dniach: 81.18 kg | Różnica: -3.82 kg
2026-07-10 00:41:43,062 - INFO - ELASTIC NET po 30 dniach: 84.87 kg | Różnica: -0.13 kg
2026-07-10 00:41:43,062 - INFO - RIDGE REGRESSION po 30 dniach: 81.18 kg | Różnica: -3.82 kg
2026-07-10 00:41:43,062 - INFO - SVM po 30 dniach: 84.55 kg | Różnica: -0.45 kg
2026-07-10 00:41:43,062 - INFO - KNN po 30 dniach: 82.92 kg | Różnica: -2.08 kg
2026-07-10 00:41:43,063 - INFO - DECISION TREE po 30 dniach: 82.97 kg | Różnica: -2.03 kg
2026-07-10 00:41:43,063 - INFO - ENSEMBLE po 30 dniach: 83.12 kg | Różnica: -1.88 kg
2026-07-10 00:41:43,063 - INFO - Generowanie wykresu dopasowania dla wszystkich 11 modeli...
2026-07-10 00:41:44,214 - INFO - Zapisanie wykresu w: static/wykres.png
2026-07-10 00:41:44,214 - INFO - Generowanie tabeli...
2026-07-10 00:42:02,624 - INFO - Tabela porównawcza
2026-07-10 00:42:02,633 - INFO - 
            Model  RMSE mean CV [kg]  RMSE std CV [kg]  RMSE pct of range CV [kg]  MAE mean CV [kg]  MAE std CV [kg]  R2 mean CV [kg]  R2 std CV [kg]  Test RMSE [kg]  Test MAE [kg]  Test R2 [kg]
    Decision Tree             0.0033            0.0002                     0.0006            0.0020           0.0002           0.9900          0.0003          0.0035         0.0022        0.9891
         LightGBM             0.0032            0.0002                     0.0006            0.0021           0.0003           0.9903          0.0003          0.0035         0.0022        0.9888
    Random Forest             0.0033            0.0004                     0.0011            0.0021           0.0003           0.9898          0.0009          0.0035         0.0022        0.9890
 Ridge Regression             0.0032            0.0002                     0.0006            0.0022           0.0003           0.9904          0.0003          0.0120         0.0027        0.8685
         Ensemble             0.0033            0.0002                     0.0007            0.0022           0.0003           0.9901          0.0004          0.0035         0.0022        0.9890
Linear Regression             0.0032            0.0002                     0.0006            0.0022           0.0003           0.9904          0.0003          0.0121         0.0026        0.8678
         CatBoost             0.0033            0.0002                     0.0007            0.0023           0.0003           0.9897          0.0004          0.0035         0.0023        0.9890
          XGBoost             0.0034            0.0003                     0.0009            0.0023           0.0003           0.9893          0.0007          0.0036         0.0023        0.9885
              KNN             0.0040            0.0005                     0.0015            0.0025           0.0004           0.9852          0.0020          0.0039         0.0024        0.9861
        SVM (RBF)             0.0288            0.0016                     0.0040            0.0250           0.0017           0.2354          0.0766          0.0277         0.0236        0.3013
      Elastic Net             0.0346            0.0022                     0.0056            0.0283           0.0021          -0.1059          0.0833          0.0332         0.0261       -0.0044
2026-07-10 00:42:02,641 - INFO - Zapisano tabelę w: static/tabela_porownawcza.csv
2026-07-10 00:52:31,124 - INFO - Łączenie z lokalną bazą MySQL...
2026-07-10 00:52:31,436 - INFO - Pobrano 8085 rekordów z lokalnej bazy MySQL.
2026-07-10 00:52:31,554 - INFO - Feature engineering zakończony — dodano cechy pochodne.
2026-07-10 00:52:31,577 - INFO - Usunięto 757 outlierów z targetu (percentyle 5-95%). Pozostało 7223 rekordów.
2026-07-10 00:52:48,831 - INFO - Łączenie z lokalną bazą MySQL...
2026-07-10 00:52:49,139 - INFO - Pobrano 8085 rekordów z lokalnej bazy MySQL.
2026-07-10 00:52:49,287 - INFO - Feature engineering zakończony — dodano cechy pochodne.
2026-07-10 00:52:49,319 - INFO - Usunięto 757 outlierów z targetu (percentyle 5-95%). Pozostało 7223 rekordów.
2026-07-10 00:56:39,050 - INFO - Łączenie z lokalną bazą MySQL...
2026-07-10 00:56:39,395 - INFO - Pobrano 8085 rekordów z lokalnej bazy MySQL.
2026-07-10 00:56:39,515 - INFO - Feature engineering zakończony — dodano cechy pochodne.
2026-07-10 00:56:39,541 - INFO - Usunięto 757 outlierów z targetu (percentyle 5-95%). Pozostało 7223 rekordów.
2026-07-10 00:58:15,174 - INFO - Łączenie z lokalną bazą MySQL...
2026-07-10 00:58:15,463 - INFO - Pobrano 8085 rekordów z lokalnej bazy MySQL.
2026-07-10 00:58:15,595 - INFO - Feature engineering zakończony — dodano cechy pochodne.
2026-07-10 00:58:15,618 - INFO - Usunięto 757 outlierów z targetu (percentyle 5-95%). Pozostało 7223 rekordów.
2026-07-10 01:01:24,789 - INFO - Łączenie z lokalną bazą MySQL...
2026-07-10 01:01:25,090 - INFO - Pobrano 8085 rekordów z lokalnej bazy MySQL.
2026-07-10 01:01:25,251 - INFO - Feature engineering zakończony — dodano cechy pochodne.
2026-07-10 01:01:25,281 - INFO - Usunięto 629 outlierów z targetu (percentyle 5-95%). Pozostało 7351 rekordów.
2026-07-10 01:01:25,291 - INFO - Użytkownik TESTOWY: [1]
2026-07-10 01:01:25,292 - INFO - Użytkownicy TRENINGOWI: [np.int64(2), np.int64(4), np.int64(5), np.int64(6), np.int64(7), np.int64(8), np.int64(9), np.int64(10), np.int64(11), np.int64(12), np.int64(13), np.int64(14), np.int64(15), np.int64(16), np.int64(17), np.int64(18), np.int64(19), np.int64(20), np.int64(21), np.int64(22), np.int64(23), np.int64(24), np.int64(25), np.int64(26), np.int64(27), np.int64(28), np.int64(29), np.int64(30), np.int64(31), np.int64(32), np.int64(33), np.int64(34), np.int64(35), np.int64(36), np.int64(37), np.int64(38), np.int64(39), np.int64(40), np.int64(41), np.int64(42), np.int64(43), np.int64(44), np.int64(45), np.int64(46), np.int64(47), np.int64(48), np.int64(49), np.int64(50), np.int64(51), np.int64(52), np.int64(53), np.int64(54), np.int64(55), np.int64(56), np.int64(57), np.int64(58), np.int64(59), np.int64(60), np.int64(61), np.int64(62), np.int64(63), np.int64(64), np.int64(65), np.int64(66), np.int64(67), np.int64(68), np.int64(69), np.int64(70), np.int64(71), np.int64(72), np.int64(73), np.int64(74), np.int64(75), np.int64(76), np.int64(77), np.int64(78), np.int64(79), np.int64(80), np.int64(81), np.int64(82), np.int64(83), np.int64(84), np.int64(85), np.int64(86), np.int64(87), np.int64(88), np.int64(89), np.int64(90), np.int64(91), np.int64(92), np.int64(93), np.int64(94), np.int64(95), np.int64(96), np.int64(97), np.int64(98), np.int64(99), np.int64(100), np.int64(101), np.int64(102), np.int64(103), np.int64(104), np.int64(105)]
2026-07-10 01:01:25,307 - INFO - Cechy modelu (22): ['zjedzone_kcal', 'bialko_g', 'spalone_kcal', 'cardio_min', 'trening_silowy', 'kroki', 'plec', 'bilans_kcal', 'bilans_pct', 'kcal_na_kg', 'bialko_na_kg', 'spalone_z_silowym', 'cardio_i_silowy', 'aktywnosc_total', 'dzien_tygodnia', 'weekend', 'zjedzone_kcal_ma3', 'zjedzone_kcal_ma7', 'spalone_kcal_ma3', 'spalone_kcal_ma7', 'bilans_kcal_ma3', 'bilans_kcal_ma7']
2026-07-10 01:01:25,307 - INFO - Rozmiar zbioru treningowego: 7291 | testowego: 57
2026-07-10 01:01:25,308 - INFO - Trenowanie modeli końcowych...
2026-07-10 01:01:32,350 - INFO - Ensemble (XGB+LGB+CatBoost) wytrenowany.
2026-07-10 01:01:36,299 - INFO - ------ PORÓWNANIE KOŃCOWE ------
2026-07-10 01:01:36,299 - INFO - Waga startowa: 85.00 kg
2026-07-10 01:01:36,300 - INFO - XGBOOST po 30 dniach: 83.29 kg | Różnica: -1.71 kg
2026-07-10 01:01:36,300 - INFO - LIGHTGBM po 30 dniach: 83.22 kg | Różnica: -1.78 kg
2026-07-10 01:01:36,300 - INFO - CATBOOST po 30 dniach: 83.09 kg | Różnica: -1.91 kg
2026-07-10 01:01:36,300 - INFO - RANDOMFOREST po 30 dniach: 83.18 kg | Różnica: -1.82 kg
2026-07-10 01:01:36,301 - INFO - LINEAR REGRESSION po 30 dniach: 81.55 kg | Różnica: -3.45 kg
2026-07-10 01:01:36,301 - INFO - ELASTIC NET po 30 dniach: 84.86 kg | Różnica: -0.14 kg
2026-07-10 01:01:36,301 - INFO - RIDGE REGRESSION po 30 dniach: 81.55 kg | Różnica: -3.45 kg
2026-07-10 01:01:36,302 - INFO - SVM po 30 dniach: 84.42 kg | Różnica: -0.58 kg
2026-07-10 01:01:36,302 - INFO - KNN po 30 dniach: 82.94 kg | Różnica: -2.06 kg
2026-07-10 01:01:36,302 - INFO - DECISION TREE po 30 dniach: 82.97 kg | Różnica: -2.03 kg
2026-07-10 01:01:36,303 - INFO - ENSEMBLE po 30 dniach: 83.21 kg | Różnica: -1.79 kg
2026-07-10 01:01:36,303 - INFO - Generowanie wykresu dopasowania dla wszystkich 11 modeli...
2026-07-10 01:01:37,150 - INFO - Zapisanie wykresu w: static/wykres.png
2026-07-10 01:01:37,151 - INFO - Generowanie tabeli...
2026-07-10 01:01:56,671 - INFO - Tabela porównawcza
2026-07-10 01:01:56,681 - INFO - 
            Model  RMSE mean CV [kg]  RMSE std CV [kg]  RMSE pct of range CV [kg]  MAE mean CV [kg]  MAE std CV [kg]  R2 mean CV [kg]  R2 std CV [kg]  Test RMSE [kg]  Test MAE [kg]  Test R2 [kg]
    Decision Tree             0.0047            0.0023                     0.0061            0.0024           0.0010           0.9743          0.0289          0.0001         0.0001           0.0
         LightGBM             0.0046            0.0018                     0.0046            0.0026           0.0007           0.9773          0.0191          0.0027         0.0026           0.0
    Random Forest             0.0046            0.0017                     0.0036            0.0026           0.0008           0.9781          0.0159          0.0019         0.0015           0.0
         CatBoost             0.0042            0.0013                     0.0034            0.0026           0.0006           0.9821          0.0124          0.0162         0.0125           0.0
         Ensemble             0.0046            0.0017                     0.0040            0.0027           0.0007           0.9778          0.0168          0.0058         0.0045           0.0
              KNN             0.0051            0.0020                     0.0053            0.0028           0.0007           0.9722          0.0256          0.0041         0.0020           0.0
          XGBoost             0.0053            0.0025                     0.0057            0.0030           0.0010           0.9687          0.0269          0.0009         0.0007           0.0
Linear Regression             0.0144            0.0071                     0.0183            0.0082           0.0011           0.7658          0.2252          0.0401         0.0316           0.0
 Ridge Regression             0.0144            0.0071                     0.0183            0.0082           0.0011           0.7661          0.2249          0.0398         0.0313           0.0
        SVM (RBF)             0.0283            0.0007                     0.0018            0.0246           0.0005           0.2845          0.0237          0.0110         0.0110           0.0
      Elastic Net             0.0336            0.0009                     0.0028            0.0271           0.0009          -0.0088          0.0097          0.0046         0.0046           0.0
2026-07-10 01:01:56,689 - INFO - Zapisano tabelę w: static/tabela_porownawcza.csv
2026-07-10 01:02:01,552 - INFO - Łączenie z lokalną bazą MySQL...
2026-07-10 01:02:01,934 - INFO - Pobrano 8085 rekordów z lokalnej bazy MySQL.
2026-07-10 01:02:02,105 - INFO - Feature engineering zakończony — dodano cechy pochodne.
2026-07-10 01:02:02,130 - INFO - Usunięto 629 outlierów z targetu (percentyle 5-95%). Pozostało 7351 rekordów.
2026-07-10 01:02:02,140 - INFO - Użytkownik TESTOWY: [1]
2026-07-10 01:02:02,140 - INFO - Użytkownicy TRENINGOWI: [np.int64(2), np.int64(4), np.int64(5), np.int64(6), np.int64(7), np.int64(8), np.int64(9), np.int64(10), np.int64(11), np.int64(12), np.int64(13), np.int64(14), np.int64(15), np.int64(16), np.int64(17), np.int64(18), np.int64(19), np.int64(20), np.int64(21), np.int64(22), np.int64(23), np.int64(24), np.int64(25), np.int64(26), np.int64(27), np.int64(28), np.int64(29), np.int64(30), np.int64(31), np.int64(32), np.int64(33), np.int64(34), np.int64(35), np.int64(36), np.int64(37), np.int64(38), np.int64(39), np.int64(40), np.int64(41), np.int64(42), np.int64(43), np.int64(44), np.int64(45), np.int64(46), np.int64(47), np.int64(48), np.int64(49), np.int64(50), np.int64(51), np.int64(52), np.int64(53), np.int64(54), np.int64(55), np.int64(56), np.int64(57), np.int64(58), np.int64(59), np.int64(60), np.int64(61), np.int64(62), np.int64(63), np.int64(64), np.int64(65), np.int64(66), np.int64(67), np.int64(68), np.int64(69), np.int64(70), np.int64(71), np.int64(72), np.int64(73), np.int64(74), np.int64(75), np.int64(76), np.int64(77), np.int64(78), np.int64(79), np.int64(80), np.int64(81), np.int64(82), np.int64(83), np.int64(84), np.int64(85), np.int64(86), np.int64(87), np.int64(88), np.int64(89), np.int64(90), np.int64(91), np.int64(92), np.int64(93), np.int64(94), np.int64(95), np.int64(96), np.int64(97), np.int64(98), np.int64(99), np.int64(100), np.int64(101), np.int64(102), np.int64(103), np.int64(104), np.int64(105)]
2026-07-10 01:02:02,151 - INFO - Cechy modelu (22): ['zjedzone_kcal', 'bialko_g', 'spalone_kcal', 'cardio_min', 'trening_silowy', 'kroki', 'plec', 'bilans_kcal', 'bilans_pct', 'kcal_na_kg', 'bialko_na_kg', 'spalone_z_silowym', 'cardio_i_silowy', 'aktywnosc_total', 'dzien_tygodnia', 'weekend', 'zjedzone_kcal_ma3', 'zjedzone_kcal_ma7', 'spalone_kcal_ma3', 'spalone_kcal_ma7', 'bilans_kcal_ma3', 'bilans_kcal_ma7']
2026-07-10 01:02:02,151 - INFO - Rozmiar zbioru treningowego: 7291 | testowego: 57
2026-07-10 01:02:02,152 - INFO - Trenowanie modeli końcowych...
2026-07-10 01:02:08,459 - INFO - Ensemble (XGB+LGB+CatBoost) wytrenowany.
2026-07-10 01:02:12,816 - INFO - ------ PORÓWNANIE KOŃCOWE ------
2026-07-10 01:02:12,817 - INFO - Waga startowa: 85.00 kg
2026-07-10 01:02:12,817 - INFO - XGBOOST po 30 dniach: 83.29 kg | Różnica: -1.71 kg
2026-07-10 01:02:12,817 - INFO - LIGHTGBM po 30 dniach: 83.22 kg | Różnica: -1.78 kg
2026-07-10 01:02:12,818 - INFO - CATBOOST po 30 dniach: 83.09 kg | Różnica: -1.91 kg
2026-07-10 01:02:12,818 - INFO - RANDOMFOREST po 30 dniach: 83.18 kg | Różnica: -1.82 kg
2026-07-10 01:02:12,818 - INFO - LINEAR REGRESSION po 30 dniach: 81.55 kg | Różnica: -3.45 kg
2026-07-10 01:02:12,818 - INFO - ELASTIC NET po 30 dniach: 84.86 kg | Różnica: -0.14 kg
2026-07-10 01:02:12,819 - INFO - RIDGE REGRESSION po 30 dniach: 81.55 kg | Różnica: -3.45 kg
2026-07-10 01:02:12,819 - INFO - SVM po 30 dniach: 84.42 kg | Różnica: -0.58 kg
2026-07-10 01:02:12,819 - INFO - KNN po 30 dniach: 82.94 kg | Różnica: -2.06 kg
2026-07-10 01:02:12,820 - INFO - DECISION TREE po 30 dniach: 82.97 kg | Różnica: -2.03 kg
2026-07-10 01:02:12,820 - INFO - ENSEMBLE po 30 dniach: 83.21 kg | Różnica: -1.79 kg
2026-07-10 01:02:12,820 - INFO - Generowanie wykresu dopasowania dla wszystkich 11 modeli...
2026-07-10 01:02:13,803 - INFO - Zapisanie wykresu w: static/wykres.png
2026-07-10 01:02:13,803 - INFO - Generowanie tabeli...
2026-07-10 01:02:34,758 - INFO - Tabela porównawcza
2026-07-10 01:02:34,764 - INFO - 
            Model  RMSE mean CV [kg]  RMSE std CV [kg]  RMSE pct of range CV [kg]  MAE mean CV [kg]  MAE std CV [kg]  R2 mean CV [kg]  R2 std CV [kg]  Test RMSE [kg]  Test MAE [kg]  Test R2 [kg]
    Decision Tree             0.0047            0.0023                     0.0061            0.0024           0.0010           0.9743          0.0289          0.0001         0.0001           0.0
         LightGBM             0.0046            0.0018                     0.0046            0.0026           0.0007           0.9773          0.0191          0.0027         0.0026           0.0
    Random Forest             0.0046            0.0017                     0.0036            0.0026           0.0008           0.9781          0.0159          0.0019         0.0015           0.0
         CatBoost             0.0042            0.0013                     0.0034            0.0026           0.0006           0.9821          0.0124          0.0162         0.0125           0.0
         Ensemble             0.0046            0.0017                     0.0040            0.0027           0.0007           0.9778          0.0168          0.0058         0.0045           0.0
              KNN             0.0051            0.0020                     0.0053            0.0028           0.0007           0.9722          0.0256          0.0041         0.0020           0.0
          XGBoost             0.0053            0.0025                     0.0057            0.0030           0.0010           0.9687          0.0269          0.0009         0.0007           0.0
Linear Regression             0.0144            0.0071                     0.0183            0.0082           0.0011           0.7658          0.2252          0.0401         0.0316           0.0
 Ridge Regression             0.0144            0.0071                     0.0183            0.0082           0.0011           0.7661          0.2249          0.0398         0.0313           0.0
        SVM (RBF)             0.0283            0.0007                     0.0018            0.0246           0.0005           0.2845          0.0237          0.0110         0.0110           0.0
      Elastic Net             0.0336            0.0009                     0.0028            0.0271           0.0009          -0.0088          0.0097          0.0046         0.0046           0.0
2026-07-10 01:02:34,771 - INFO - Zapisano tabelę w: static/tabela_porownawcza.csv
2026-07-10 01:12:48,408 - INFO - Łączenie z lokalną bazą MySQL...
2026-07-10 01:12:48,746 - INFO - Pobrano 8085 rekordów z lokalnej bazy MySQL.
2026-07-10 01:12:48,877 - INFO - Feature engineering zakończony — dodano cechy pochodne.
2026-07-10 01:12:48,905 - INFO - Usunięto 629 outlierów z targetu (percentyle 5-95%). Pozostało 7351 rekordów.
2026-07-10 01:12:48,930 - INFO - Użytkownik TESTOWY: [1]
2026-07-10 01:12:48,931 - INFO - Użytkownicy TRENINGOWI: [np.int64(2), np.int64(4), np.int64(5), np.int64(6), np.int64(7), np.int64(8), np.int64(9), np.int64(10), np.int64(11), np.int64(12), np.int64(13), np.int64(14), np.int64(15), np.int64(16), np.int64(17), np.int64(18), np.int64(19), np.int64(20), np.int64(21), np.int64(22), np.int64(23), np.int64(24), np.int64(25), np.int64(26), np.int64(27), np.int64(28), np.int64(29), np.int64(30), np.int64(31), np.int64(32), np.int64(33), np.int64(34), np.int64(35), np.int64(36), np.int64(37), np.int64(38), np.int64(39), np.int64(40), np.int64(41), np.int64(42), np.int64(43), np.int64(44), np.int64(45), np.int64(46), np.int64(47), np.int64(48), np.int64(49), np.int64(50), np.int64(51), np.int64(52), np.int64(53), np.int64(54), np.int64(55), np.int64(56), np.int64(57), np.int64(58), np.int64(59), np.int64(60), np.int64(61), np.int64(62), np.int64(63), np.int64(64), np.int64(65), np.int64(66), np.int64(67), np.int64(68), np.int64(69), np.int64(70), np.int64(71), np.int64(72), np.int64(73), np.int64(74), np.int64(75), np.int64(76), np.int64(77), np.int64(78), np.int64(79), np.int64(80), np.int64(81), np.int64(82), np.int64(83), np.int64(84), np.int64(85), np.int64(86), np.int64(87), np.int64(88), np.int64(89), np.int64(90), np.int64(91), np.int64(92), np.int64(93), np.int64(94), np.int64(95), np.int64(96), np.int64(97), np.int64(98), np.int64(99), np.int64(100), np.int64(101), np.int64(102), np.int64(103), np.int64(104), np.int64(105)]
2026-07-10 01:12:48,945 - INFO - Cechy modelu (22): ['zjedzone_kcal', 'bialko_g', 'spalone_kcal', 'cardio_min', 'trening_silowy', 'kroki', 'plec', 'bilans_kcal', 'bilans_pct', 'kcal_na_kg', 'bialko_na_kg', 'spalone_z_silowym', 'cardio_i_silowy', 'aktywnosc_total', 'dzien_tygodnia', 'weekend', 'zjedzone_kcal_ma3', 'zjedzone_kcal_ma7', 'spalone_kcal_ma3', 'spalone_kcal_ma7', 'bilans_kcal_ma3', 'bilans_kcal_ma7']
2026-07-10 01:12:48,945 - INFO - Rozmiar zbioru treningowego: 7291 | testowego: 57
2026-07-10 01:12:48,946 - INFO - Trenowanie modeli końcowych...
2026-07-10 01:12:56,038 - INFO - Ensemble (XGB+LGB+CatBoost) wytrenowany.
2026-07-10 01:13:00,021 - INFO - ------ PORÓWNANIE KOŃCOWE ------
2026-07-10 01:13:00,021 - INFO - Waga startowa: 85.00 kg
2026-07-10 01:13:00,022 - INFO - XGBOOST po 30 dniach: 83.29 kg | Różnica: -1.71 kg
2026-07-10 01:13:00,022 - INFO - LIGHTGBM po 30 dniach: 83.22 kg | Różnica: -1.78 kg
2026-07-10 01:13:00,022 - INFO - CATBOOST po 30 dniach: 83.09 kg | Różnica: -1.91 kg
2026-07-10 01:13:00,023 - INFO - RANDOMFOREST po 30 dniach: 83.18 kg | Różnica: -1.82 kg
2026-07-10 01:13:00,023 - INFO - LINEAR REGRESSION po 30 dniach: 81.55 kg | Różnica: -3.45 kg
2026-07-10 01:13:00,023 - INFO - ELASTIC NET po 30 dniach: 84.86 kg | Różnica: -0.14 kg
2026-07-10 01:13:00,024 - INFO - RIDGE REGRESSION po 30 dniach: 81.55 kg | Różnica: -3.45 kg
2026-07-10 01:13:00,024 - INFO - SVM po 30 dniach: 84.42 kg | Różnica: -0.58 kg
2026-07-10 01:13:00,024 - INFO - KNN po 30 dniach: 82.94 kg | Różnica: -2.06 kg
2026-07-10 01:13:00,024 - INFO - DECISION TREE po 30 dniach: 82.97 kg | Różnica: -2.03 kg
2026-07-10 01:13:00,025 - INFO - ENSEMBLE po 30 dniach: 83.21 kg | Różnica: -1.79 kg
2026-07-10 01:13:00,025 - INFO - Generowanie wykresu dopasowania dla wszystkich 11 modeli...
2026-07-10 01:13:00,391 - ERROR - Błąd podczas tworzenia wykresu x and y must have same first dimension, but have shapes (57,) and (58,)
2026-07-10 01:13:00,391 - INFO - Generowanie tabeli...
2026-07-10 01:13:18,535 - INFO - Tabela porównawcza
2026-07-10 01:13:18,542 - INFO - 
            Model  RMSE mean CV [kg]  RMSE std CV [kg]  RMSE pct of range CV [kg]  MAE mean CV [kg]  MAE std CV [kg]  R2 mean CV [kg]  R2 std CV [kg]  Test RMSE [kg]  Test MAE [kg]  Test R2 [kg]
    Decision Tree             0.0047            0.0023                     0.0061            0.0024           0.0010           0.9743          0.0289          0.0001         0.0001           0.0
         LightGBM             0.0046            0.0018                     0.0046            0.0026           0.0007           0.9773          0.0191          0.0027         0.0026           0.0
    Random Forest             0.0046            0.0017                     0.0036            0.0026           0.0008           0.9781          0.0159          0.0019         0.0015           0.0
         CatBoost             0.0042            0.0013                     0.0034            0.0026           0.0006           0.9821          0.0124          0.0162         0.0125           0.0
         Ensemble             0.0046            0.0017                     0.0040            0.0027           0.0007           0.9778          0.0168          0.0058         0.0045           0.0
              KNN             0.0051            0.0020                     0.0053            0.0028           0.0007           0.9722          0.0256          0.0041         0.0020           0.0
          XGBoost             0.0053            0.0025                     0.0057            0.0030           0.0010           0.9687          0.0269          0.0009         0.0007           0.0
Linear Regression             0.0144            0.0071                     0.0183            0.0082           0.0011           0.7658          0.2252          0.0401         0.0316           0.0
 Ridge Regression             0.0144            0.0071                     0.0183            0.0082           0.0011           0.7661          0.2249          0.0398         0.0313           0.0
        SVM (RBF)             0.0283            0.0007                     0.0018            0.0246           0.0005           0.2845          0.0237          0.0110         0.0110           0.0
      Elastic Net             0.0336            0.0009                     0.0028            0.0271           0.0009          -0.0088          0.0097          0.0046         0.0046           0.0
2026-07-10 01:13:18,547 - INFO - Zapisano tabelę w: static/tabela_porownawcza.csv
2026-07-10 01:14:28,378 - INFO - Łączenie z lokalną bazą MySQL...
2026-07-10 01:14:28,689 - INFO - Pobrano 8085 rekordów z lokalnej bazy MySQL.
2026-07-10 01:14:28,820 - INFO - Feature engineering zakończony — dodano cechy pochodne.
2026-07-10 01:14:28,851 - INFO - Usunięto 629 outlierów z targetu (percentyle 5-95%). Pozostało 7351 rekordów.
2026-07-10 01:14:28,863 - INFO - Użytkownik TESTOWY: [1]
2026-07-10 01:14:28,863 - INFO - Użytkownicy TRENINGOWI: [np.int64(2), np.int64(4), np.int64(5), np.int64(6), np.int64(7), np.int64(8), np.int64(9), np.int64(10), np.int64(11), np.int64(12), np.int64(13), np.int64(14), np.int64(15), np.int64(16), np.int64(17), np.int64(18), np.int64(19), np.int64(20), np.int64(21), np.int64(22), np.int64(23), np.int64(24), np.int64(25), np.int64(26), np.int64(27), np.int64(28), np.int64(29), np.int64(30), np.int64(31), np.int64(32), np.int64(33), np.int64(34), np.int64(35), np.int64(36), np.int64(37), np.int64(38), np.int64(39), np.int64(40), np.int64(41), np.int64(42), np.int64(43), np.int64(44), np.int64(45), np.int64(46), np.int64(47), np.int64(48), np.int64(49), np.int64(50), np.int64(51), np.int64(52), np.int64(53), np.int64(54), np.int64(55), np.int64(56), np.int64(57), np.int64(58), np.int64(59), np.int64(60), np.int64(61), np.int64(62), np.int64(63), np.int64(64), np.int64(65), np.int64(66), np.int64(67), np.int64(68), np.int64(69), np.int64(70), np.int64(71), np.int64(72), np.int64(73), np.int64(74), np.int64(75), np.int64(76), np.int64(77), np.int64(78), np.int64(79), np.int64(80), np.int64(81), np.int64(82), np.int64(83), np.int64(84), np.int64(85), np.int64(86), np.int64(87), np.int64(88), np.int64(89), np.int64(90), np.int64(91), np.int64(92), np.int64(93), np.int64(94), np.int64(95), np.int64(96), np.int64(97), np.int64(98), np.int64(99), np.int64(100), np.int64(101), np.int64(102), np.int64(103), np.int64(104), np.int64(105)]
2026-07-10 01:14:28,877 - INFO - Cechy modelu (22): ['zjedzone_kcal', 'bialko_g', 'spalone_kcal', 'cardio_min', 'trening_silowy', 'kroki', 'plec', 'bilans_kcal', 'bilans_pct', 'kcal_na_kg', 'bialko_na_kg', 'spalone_z_silowym', 'cardio_i_silowy', 'aktywnosc_total', 'dzien_tygodnia', 'weekend', 'zjedzone_kcal_ma3', 'zjedzone_kcal_ma7', 'spalone_kcal_ma3', 'spalone_kcal_ma7', 'bilans_kcal_ma3', 'bilans_kcal_ma7']
2026-07-10 01:14:28,878 - INFO - Rozmiar zbioru treningowego: 7291 | testowego: 57
2026-07-10 01:14:28,879 - INFO - Trenowanie modeli końcowych...
2026-07-10 01:14:35,251 - INFO - Ensemble (XGB+LGB+CatBoost) wytrenowany.
2026-07-10 01:14:39,075 - INFO - ------ PORÓWNANIE KOŃCOWE ------
2026-07-10 01:14:39,075 - INFO - Waga startowa: 85.00 kg
2026-07-10 01:14:39,075 - INFO - XGBOOST po 30 dniach: 83.29 kg | Różnica: -1.71 kg
2026-07-10 01:14:39,076 - INFO - LIGHTGBM po 30 dniach: 83.22 kg | Różnica: -1.78 kg
2026-07-10 01:14:39,076 - INFO - CATBOOST po 30 dniach: 83.09 kg | Różnica: -1.91 kg
2026-07-10 01:14:39,076 - INFO - RANDOMFOREST po 30 dniach: 83.18 kg | Różnica: -1.82 kg
2026-07-10 01:14:39,076 - INFO - LINEAR REGRESSION po 30 dniach: 81.55 kg | Różnica: -3.45 kg
2026-07-10 01:14:39,077 - INFO - ELASTIC NET po 30 dniach: 84.86 kg | Różnica: -0.14 kg
2026-07-10 01:14:39,077 - INFO - RIDGE REGRESSION po 30 dniach: 81.55 kg | Różnica: -3.45 kg
2026-07-10 01:14:39,077 - INFO - SVM po 30 dniach: 84.42 kg | Różnica: -0.58 kg
2026-07-10 01:14:39,077 - INFO - KNN po 30 dniach: 82.94 kg | Różnica: -2.06 kg
2026-07-10 01:14:39,078 - INFO - DECISION TREE po 30 dniach: 82.97 kg | Różnica: -2.03 kg
2026-07-10 01:14:39,078 - INFO - ENSEMBLE po 30 dniach: 83.21 kg | Różnica: -1.79 kg
2026-07-10 01:14:39,078 - INFO - Generowanie wykresu dopasowania dla wszystkich 11 modeli...
2026-07-10 01:14:40,013 - INFO - Zapisanie wykresu w: static/wykres.png
2026-07-10 01:14:40,014 - INFO - Generowanie tabeli...
2026-07-10 01:15:01,313 - INFO - Tabela porównawcza
2026-07-10 01:15:01,321 - INFO - 
            Model  RMSE mean CV [kg]  RMSE std CV [kg]  RMSE pct of range CV [kg]  MAE mean CV [kg]  MAE std CV [kg]  R2 mean CV [kg]  R2 std CV [kg]  Test RMSE [kg]  Test MAE [kg]  Test R2 [kg]
    Decision Tree             0.0047            0.0023                     0.0061            0.0024           0.0010           0.9743          0.0289          0.0001         0.0001           0.0
         LightGBM             0.0046            0.0018                     0.0046            0.0026           0.0007           0.9773          0.0191          0.0027         0.0026           0.0
    Random Forest             0.0046            0.0017                     0.0036            0.0026           0.0008           0.9781          0.0159          0.0019         0.0015           0.0
         CatBoost             0.0042            0.0013                     0.0034            0.0026           0.0006           0.9821          0.0124          0.0162         0.0125           0.0
         Ensemble             0.0046            0.0017                     0.0040            0.0027           0.0007           0.9778          0.0168          0.0058         0.0045           0.0
              KNN             0.0051            0.0020                     0.0053            0.0028           0.0007           0.9722          0.0256          0.0041         0.0020           0.0
          XGBoost             0.0053            0.0025                     0.0057            0.0030           0.0010           0.9687          0.0269          0.0009         0.0007           0.0
Linear Regression             0.0144            0.0071                     0.0183            0.0082           0.0011           0.7658          0.2252          0.0401         0.0316           0.0
 Ridge Regression             0.0144            0.0071                     0.0183            0.0082           0.0011           0.7661          0.2249          0.0398         0.0313           0.0
        SVM (RBF)             0.0283            0.0007                     0.0018            0.0246           0.0005           0.2845          0.0237          0.0110         0.0110           0.0
      Elastic Net             0.0336            0.0009                     0.0028            0.0271           0.0009          -0.0088          0.0097          0.0046         0.0046           0.0
2026-07-10 01:15:01,328 - INFO - Zapisano tabelę w: static/tabela_porownawcza.csv
