2026-05-13 19:55 - root - INFO - ---START PROCESU ETL DLA "USERS"---
2026-05-13 19:56 - root - INFO - ---START PROCESU ETL DLA "USERS"---
2026-05-13 19:56 - root - INFO - ---ZNALEZIONO 1 PLIKÓW DO PRZETWORZENIA---
2026-05-13 19:56 - root - INFO - ---OTWIERANIE PACZKI ZIP: test_potoku.zip---
2026-05-13 19:56 - root - INFO - ---EKSTRAKCJA DANYCH Z PLIKU dane_uzytkownikow\test_potoku.zip---
2026-05-13 19:56 - root - INFO - ---PRZETWARZANIE PLIKU 1_jakub.csv DLA "USERS"---
2026-05-13 19:56 - root - INFO - ---POMYŚLNIE WCZYTANO 3 WIERSZY Z PLIKU 1_jakub.csv---
2026-05-13 19:56 - root - INFO - ---PRZETWARZANIE PLIKU 2_laura.csv DLA "USERS"---
2026-05-13 19:56 - root - INFO - ---POMYŚLNIE WCZYTANO 3 WIERSZY Z PLIKU 2_laura.csv---
2026-05-13 19:56 - root - INFO - ---PRZETWARZANIE PLIKU 6_test.csv DLA "USERS"---
2026-05-13 19:56 - root - INFO - ---POMYŚLNIE WCZYTANO 4 WIERSZY Z PLIKU 6_test.csv---
2026-05-13 19:56 - root - INFO - ---ROZPOCZĘCIE TRANSFORMACJI DANYCH DLA "USERS"---
2026-05-13 19:56 - root - INFO - ---OTRZYMANO DATAFRAME: 3 WIERSZY, 9 KOLUMN---
2026-05-13 19:56 - root - INFO - ---TRANSFORMACJA DLA "USERS" ZAKOŃCZONA SUKCESEM. LICZBA GOTOWYCH WIERSZY: 1---
2026-05-13 19:56 - root - INFO - ---WCZYTYWANIE DANYCH DLA "USERS" DO BAZY---
2026-05-13 19:56 - root - INFO - ---SUKCES! WCZYTANO, BĄDŹ ZAKTUALIZOWANO 1 WIERSZY W TABELI "users" DLA "USERS"---
2026-05-13 19:56 - root - INFO - ---ROZPOCZĘCIE TRANSFORMACJI DANYCH DLA "USERS"---
2026-05-13 19:56 - root - INFO - ---OTRZYMANO DATAFRAME: 3 WIERSZY, 9 KOLUMN---
2026-05-13 19:56 - root - INFO - ---TRANSFORMACJA DLA "USERS" ZAKOŃCZONA SUKCESEM. LICZBA GOTOWYCH WIERSZY: 1---
2026-05-13 19:56 - root - INFO - ---WCZYTYWANIE DANYCH DLA "USERS" DO BAZY---
2026-05-13 19:56 - root - INFO - ---SUKCES! WCZYTANO, BĄDŹ ZAKTUALIZOWANO 1 WIERSZY W TABELI "users" DLA "USERS"---
2026-05-13 19:56 - root - INFO - ---ROZPOCZĘCIE TRANSFORMACJI DANYCH DLA "USERS"---
2026-05-13 19:56 - root - INFO - ---OTRZYMANO DATAFRAME: 4 WIERSZY, 9 KOLUMN---
2026-05-13 19:56 - root - INFO - ---TRANSFORMACJA DLA "USERS" ZAKOŃCZONA SUKCESEM. LICZBA GOTOWYCH WIERSZY: 1---
2026-05-13 19:56 - root - INFO - ---WCZYTYWANIE DANYCH DLA "USERS" DO BAZY---
2026-05-13 19:56 - root - INFO - ---SUKCES! WCZYTANO, BĄDŹ ZAKTUALIZOWANO 1 WIERSZY W TABELI "users" DLA "USERS"---
2026-05-13 19:56 - root - INFO - ---ZAKOŃCZONO PROCES ETL DLA "USERS"---
2026-05-13 19:56 - root - INFO - ---ZAMKNIĘTO POŁĄCZENIE Z BAZĄ---
2026-05-13 19:56 - root - INFO - ---START PROCESU ETL DLA "DAILY_LOGS"---
2026-05-13 19:56 - root - INFO - ---POBIERANIE LISTY UŻYTKOWNIKÓW Z BAZY DLA "DAILY_LOGS"---
2026-05-13 19:56 - root - INFO - ---ZNALEZIONO 1 PLIKÓW DO PRZETWORZENIA---
2026-05-13 19:56 - root - INFO - ---OTWIERANIE PACZKI ZIP: test_potoku.zip---
2026-05-13 19:56 - root - INFO - ---EKSTRAKCJA DANYCH Z PLIKU dane_uzytkownikow\test_potoku.zip---
2026-05-13 19:56 - root - INFO - ---PRZETWARZANIE PLIKU 1_jakub.csv DLA "DAILY_LOGS"---
2026-05-13 19:56 - root - INFO - ---POMYŚLNIE WCZYTANO 3 WIERSZY Z PLIKU 1_jakub.csv"---
2026-05-13 19:56 - root - INFO - ---PRZETWARZANIE PLIKU 2_laura.csv DLA "DAILY_LOGS"---
2026-05-13 19:56 - root - INFO - ---POMYŚLNIE WCZYTANO 3 WIERSZY Z PLIKU 2_laura.csv"---
2026-05-13 19:56 - root - INFO - ---PRZETWARZANIE PLIKU 6_test.csv DLA "DAILY_LOGS"---
2026-05-13 19:56 - root - INFO - ---POMYŚLNIE WCZYTANO 4 WIERSZY Z PLIKU 6_test.csv"---
2026-05-13 19:56 - root - INFO - ---PRZETWARZANIE: 1_jakub.csv (USER: Jakub, ID: 1)---
2026-05-13 19:56 - root - INFO - ---ROZPOCZĘCIE TRANSFORMACJI DANYCH DLA "DAILY_LOGS"---
2026-05-13 19:56 - root - INFO - ---OTRZYMANO DATAFRAME: 3 WIERSZY, 9 KOLUMN---
2026-05-13 19:56 - root - INFO - ---TRANSFORMACJA DLA "DAILY_LOGS" ZAKOŃCZONA SUKCESEM. LICZBA GOTOWYCH WIERSZY: 3---
2026-05-13 19:56 - root - INFO - ---WCZYTYWANIE DANYCH DLA "DAILY_LOGS" DO BAZY---
2026-05-13 19:56 - root - INFO - ---SUKCES! WCZYTANO, BĄDŹ ZAKTUALIZOWANO 3 WIERSZY W TABELI "daily_logs" DLA "DAILY_LOGS"---
2026-05-13 19:56 - root - INFO - ---PRZETWARZANIE: 2_laura.csv (USER: Laura, ID: 2)---
2026-05-13 19:56 - root - INFO - ---ROZPOCZĘCIE TRANSFORMACJI DANYCH DLA "DAILY_LOGS"---
2026-05-13 19:56 - root - INFO - ---OTRZYMANO DATAFRAME: 3 WIERSZY, 9 KOLUMN---
2026-05-13 19:56 - root - INFO - ---TRANSFORMACJA DLA "DAILY_LOGS" ZAKOŃCZONA SUKCESEM. LICZBA GOTOWYCH WIERSZY: 3---
2026-05-13 19:56 - root - INFO - ---WCZYTYWANIE DANYCH DLA "DAILY_LOGS" DO BAZY---
2026-05-13 19:56 - root - INFO - ---SUKCES! WCZYTANO, BĄDŹ ZAKTUALIZOWANO 3 WIERSZY W TABELI "daily_logs" DLA "DAILY_LOGS"---
2026-05-13 19:56 - root - INFO - ---PRZETWARZANIE: 6_test.csv (USER: User6, ID: 6)---
2026-05-13 19:56 - root - INFO - ---ROZPOCZĘCIE TRANSFORMACJI DANYCH DLA "DAILY_LOGS"---
2026-05-13 19:56 - root - INFO - ---OTRZYMANO DATAFRAME: 4 WIERSZY, 9 KOLUMN---
2026-05-13 19:56 - root - INFO - ---TRANSFORMACJA DLA "DAILY_LOGS" ZAKOŃCZONA SUKCESEM. LICZBA GOTOWYCH WIERSZY: 4---
2026-05-13 19:56 - root - INFO - ---WCZYTYWANIE DANYCH DLA "DAILY_LOGS" DO BAZY---
2026-05-13 19:56 - root - INFO - ---SUKCES! WCZYTANO, BĄDŹ ZAKTUALIZOWANO 4 WIERSZY W TABELI "daily_logs" DLA "DAILY_LOGS"---
2026-05-13 19:56 - root - INFO - ---ZAKOŃCZONO PROCES ETL "DAILY_LOGS"---
2026-05-13 19:56 - root - INFO - ---ZAMKNIĘTO POŁĄCZENIE Z BAZĄ---
